2025-02-10 04:44:32 +0000  Initial pipeline context: <IDEDistributionProcessingPipelineContext: 0x343d7a230; archive(resolved)="<IDEArchive: 0x600012333950>", distributionTask(resolved)="2", distributionDestination(resolved)="1", distributionMethod(resolved)="<IDEDistributionMethodiOSAdHoc: 0x60000499c310>", team(resolved)="<IDEProvisioningDisambiguatableBasicTeam: 0x6000191ed340; teamID='7ZKP2AC4H6', teamName='Kevin Rivas', teamType='Individual', username='ingrivaske@gmail.com', isFreeProvisioningTeam='0'>">
	Chain (15, self inclusive):
	<IDEDistributionProcessingPipelineContext: 0x343d7a230; archive = "<IDEArchive: 0x600012333950>", distributionMethod="<IDEDistributionMethodiOSAdHoc: 0x60000499c310>", team="<IDEProvisioningDisambiguatableBasicTeam: 0x6000191ed340; teamID='7ZKP2AC4H6', teamName='Kevin Rivas', teamType='Individual', username='ingrivaske@gmail.com', isFreeProvisioningTeam='0'>">
	<IDEDistributionProcessingPipelineContext: 0x343dc2e00; archive = "<IDEArchive: 0x600012333950>", distributionMethod="<IDEDistributionMethodiOSAdHoc: 0x60000499c310>", team="<IDEProvisioningDisambiguatableBasicTeam: 0x6000191ed340; teamID='7ZKP2AC4H6', teamName='Kevin Rivas', teamType='Individual', username='ingrivaske@gmail.com', isFreeProvisioningTeam='0'>">
	<IDEDistributionContext: 0x1628efe80; archive = "<IDEArchive: 0x600012333950>", distributionMethod="<IDEDistributionMethodiOSAdHoc: 0x60000499c310>", team="<IDEProvisioningDisambiguatableBasicTeam: 0x6000191ed340; teamID='7ZKP2AC4H6', teamName='Kevin Rivas', teamType='Individual', username='ingrivaske@gmail.com', isFreeProvisioningTeam='0'>">
	<IDEDistributionContext: 0x33d812200; archive = "<IDEArchive: 0x600012333950>", distributionMethod="<IDEDistributionMethodiOSAdHoc: 0x60000499c310>", team="<IDEProvisioningDisambiguatableBasicTeam: 0x6000191ed340; teamID='7ZKP2AC4H6', teamName='Kevin Rivas', teamType='Individual', username='ingrivaske@gmail.com', isFreeProvisioningTeam='0'>">
	<IDEDistributionContext: 0x33d828d50; archive = "<IDEArchive: 0x600012333950>", distributionMethod="<IDEDistributionMethodiOSAdHoc: 0x60000499c310>", team="<IDEProvisioningDisambiguatableBasicTeam: 0x6000191ed340; teamID='7ZKP2AC4H6', teamName='Kevin Rivas', teamType='Individual', username='ingrivaske@gmail.com', isFreeProvisioningTeam='0'>">
	<IDEDistributionContext: 0x1628bbd70; archive = "<IDEArchive: 0x600012333950>", distributionMethod="<IDEDistributionMethodiOSAdHoc: 0x60000499c310>", team="<IDEProvisioningDisambiguatableBasicTeam: 0x6000191ed340; teamID='7ZKP2AC4H6', teamName='Kevin Rivas', teamType='Individual', username='ingrivaske@gmail.com', isFreeProvisioningTeam='0'>">
	<IDEDistributionContext: 0x162859590; archive = "<IDEArchive: 0x600012333950>", distributionMethod="<IDEDistributionMethodiOSAdHoc: 0x60000499c310>", team="<IDEProvisioningDisambiguatableBasicTeam: 0x6000191ed340; teamID='7ZKP2AC4H6', teamName='Kevin Rivas', teamType='Individual', username='ingrivaske@gmail.com', isFreeProvisioningTeam='0'>">
	<IDEDistributionContext: 0x1628e38b0; archive = "<IDEArchive: 0x600012333950>", distributionMethod="<IDEDistributionMethodiOSAdHoc: 0x60000499c310>", team="<IDEProvisioningDisambiguatableBasicTeam: 0x6000191ed340; teamID='7ZKP2AC4H6', teamName='Kevin Rivas', teamType='Individual', username='ingrivaske@gmail.com', isFreeProvisioningTeam='0'>">
	<IDEDistributionContext: 0x34781e620; archive = "<IDEArchive: 0x600012333950>", distributionMethod="<IDEDistributionMethodiOSAdHoc: 0x60000499c310>", team="<IDEProvisioningDisambiguatableBasicTeam: 0x6000191ed340; teamID='7ZKP2AC4H6', teamName='Kevin Rivas', teamType='Individual', username='ingrivaske@gmail.com', isFreeProvisioningTeam='0'>">
	<IDEDistributionContext: 0x33d729340; archive = "<IDEArchive: 0x600012333950>", distributionMethod="<IDEDistributionMethodiOSAdHoc: 0x60000499c310>", team="(null)">
	<IDEDistributionContext: 0x1628a98a0; archive = "<IDEArchive: 0x600012333950>", distributionMethod="<IDEDistributionMethodiOSAdHoc: 0x60000499c310>", team="(null)">
	<IDEDistributionContext: 0x33d7718d0; archive = "<IDEArchive: 0x600012333950>", distributionMethod="<IDEDistributionMethodiOSAdHoc: 0x60000499c310>", team="(null)">
	<IDEDistributionContext: 0x33d8ba680; archive = "<IDEArchive: 0x600012333950>", distributionMethod="<IDEDistributionMethodiOSAdHoc: 0x60000499c310>", team="(null)">
	<IDEDistributionContext: 0x343d5eab0; archive = "<IDEArchive: 0x600012333950>", distributionMethod="(null)", team="(null)">
	<IDEDistributionContext: 0x134f94f90; archive = "<IDEArchive: 0x600012333950>", distributionMethod="(null)", team="(null)">
</IDEDistributionProcessingPipelineContext: 0x343d7a230>
2025-02-10 04:44:32 +0000  Processing step: IDEDistributionCreateDestRootStep
2025-02-10 04:44:32 +0000  Processing step: IDEDistributionCopyItemStep
2025-02-10 04:44:32 +0000  Running /usr/bin/ditto '-V' '/Users/rivaslive/Library/Developer/Xcode/Archives/2025-02-09/accounting 9-2-25, 10.41 PM.xcarchive/Products/Applications/accounting.app' '/var/folders/7y/7x32_tls79b9wsfbfd9l17r00000gn/T/XcodeDistPipeline.~~~qkejE0/Root/Payload/accounting.app'
2025-02-10 04:44:32 +0000  >>> Copying /Users/rivaslive/Library/Developer/Xcode/Archives/2025-02-09/accounting 9-2-25, 10.41 PM.xcarchive/Products/Applications/accounting.app 
2025-02-10 04:44:32 +0000  copying file ./_CodeSignature/CodeResources ... 
2025-02-10 04:44:32 +0000  24645 bytes for ./_CodeSignature/CodeResources
2025-02-10 04:44:32 +0000  copying file ./accounting ... 
2025-02-10 04:44:32 +0000  7244976 bytes for ./accounting
2025-02-10 04:44:32 +0000  copying file ./SplashScreen.storyboardc/EXPO-VIEWCONTROLLER-1-view-EXPO-ContainerView.nib ... 
2025-02-10 04:44:32 +0000  2024 bytes for ./SplashScreen.storyboardc/EXPO-VIEWCONTROLLER-1-view-EXPO-ContainerView.nib
2025-02-10 04:44:32 +0000  copying file ./SplashScreen.storyboardc/SplashScreenViewController.nib ... 
2025-02-10 04:44:32 +0000  1004 bytes for ./SplashScreen.storyboardc/SplashScreenViewController.nib
2025-02-10 04:44:32 +0000  copying file ./SplashScreen.storyboardc/Info.plist ... 
2025-02-10 04:44:32 +0000  225 bytes for ./SplashScreen.storyboardc/Info.plist
2025-02-10 04:44:32 +0000  copying file ./ExpoSystemUI_privacy.bundle/PrivacyInfo.xcprivacy ... 
2025-02-10 04:44:32 +0000  607 bytes for ./ExpoSystemUI_privacy.bundle/PrivacyInfo.xcprivacy
2025-02-10 04:44:32 +0000  copying file ./ExpoSystemUI_privacy.bundle/Info.plist ... 
2025-02-10 04:44:32 +0000  789 bytes for ./ExpoSystemUI_privacy.bundle/Info.plist
2025-02-10 04:44:32 +0000  copying file ./glog_privacy.bundle/Info.plist ... 
2025-02-10 04:44:32 +0000  771 bytes for ./glog_privacy.bundle/Info.plist
2025-02-10 04:44:32 +0000  copying file ./AppIcon60x60@2x.png ... 
2025-02-10 04:44:32 +0000  8119 bytes for ./AppIcon60x60@2x.png
2025-02-10 04:44:32 +0000  copying file ./ExpoConstants_privacy.bundle/PrivacyInfo.xcprivacy ... 
2025-02-10 04:44:32 +0000  607 bytes for ./ExpoConstants_privacy.bundle/PrivacyInfo.xcprivacy
2025-02-10 04:44:32 +0000  copying file ./ExpoConstants_privacy.bundle/Info.plist ... 
2025-02-10 04:44:32 +0000  792 bytes for ./ExpoConstants_privacy.bundle/Info.plist
2025-02-10 04:44:32 +0000  copying file ./React-cxxreact_privacy.bundle/PrivacyInfo.xcprivacy ... 
2025-02-10 04:44:32 +0000  552 bytes for ./React-cxxreact_privacy.bundle/PrivacyInfo.xcprivacy
2025-02-10 04:44:32 +0000  copying file ./React-cxxreact_privacy.bundle/Info.plist ... 
2025-02-10 04:44:32 +0000  794 bytes for ./React-cxxreact_privacy.bundle/Info.plist
2025-02-10 04:44:32 +0000  copying file ./RCT-Folly_privacy.bundle/Info.plist ... 
2025-02-10 04:44:32 +0000  786 bytes for ./RCT-Folly_privacy.bundle/Info.plist
2025-02-10 04:44:32 +0000  copying file ./Assets.car ... 
2025-02-10 04:44:32 +0000  857920 bytes for ./Assets.car
2025-02-10 04:44:32 +0000  copying file ./AppIcon76x76@2x~ipad.png ... 
2025-02-10 04:44:32 +0000  12542 bytes for ./AppIcon76x76@2x~ipad.png
2025-02-10 04:44:32 +0000  copying file ./main.jsbundle ... 
2025-02-10 04:44:32 +0000  4540118 bytes for ./main.jsbundle
2025-02-10 04:44:32 +0000  copying file ./EXConstants.bundle/app.config ... 
2025-02-10 04:44:32 +0000  948 bytes for ./EXConstants.bundle/app.config
2025-02-10 04:44:32 +0000  copying file ./EXConstants.bundle/Info.plist ... 
2025-02-10 04:44:32 +0000  770 bytes for ./EXConstants.bundle/Info.plist
2025-02-10 04:44:32 +0000  copying file ./PrivacyInfo.xcprivacy ... 
2025-02-10 04:44:32 +0000  1283 bytes for ./PrivacyInfo.xcprivacy
2025-02-10 04:44:32 +0000  copying file ./ExpoFileSystem_privacy.bundle/PrivacyInfo.xcprivacy ... 
2025-02-10 04:44:32 +0000  877 bytes for ./ExpoFileSystem_privacy.bundle/PrivacyInfo.xcprivacy
2025-02-10 04:44:32 +0000  copying file ./ExpoFileSystem_privacy.bundle/Info.plist ... 
2025-02-10 04:44:32 +0000  794 bytes for ./ExpoFileSystem_privacy.bundle/Info.plist
2025-02-10 04:44:32 +0000  copying file ./boost_privacy.bundle/Info.plist ... 
2025-02-10 04:44:32 +0000  774 bytes for ./boost_privacy.bundle/Info.plist
2025-02-10 04:44:32 +0000  copying file ./Frameworks/hermes.framework/_CodeSignature/CodeResources ... 
2025-02-10 04:44:32 +0000  1798 bytes for ./Frameworks/hermes.framework/_CodeSignature/CodeResources
2025-02-10 04:44:32 +0000  copying file ./Frameworks/hermes.framework/hermes ... 
2025-02-10 04:44:32 +0000  4616864 bytes for ./Frameworks/hermes.framework/hermes
2025-02-10 04:44:32 +0000  copying file ./Frameworks/hermes.framework/Info.plist ... 
2025-02-10 04:44:32 +0000  859 bytes for ./Frameworks/hermes.framework/Info.plist
2025-02-10 04:44:32 +0000  copying file ./embedded.mobileprovision ... 
2025-02-10 04:44:32 +0000  12154 bytes for ./embedded.mobileprovision
2025-02-10 04:44:32 +0000  copying file ./assets/node_modules/@redshank/native/dist/@assets/social/apple-dark.png ... 
2025-02-10 04:44:32 +0000  1041 bytes for ./assets/node_modules/@redshank/native/dist/@assets/social/apple-dark.png
2025-02-10 04:44:32 +0000  copying file ./assets/node_modules/@redshank/native/dist/@assets/social/twitter.png ... 
2025-02-10 04:44:32 +0000  1207 bytes for ./assets/node_modules/@redshank/native/dist/@assets/social/twitter.png
2025-02-10 04:44:32 +0000  copying file ./assets/node_modules/@redshank/native/dist/@assets/social/google.png ... 
2025-02-10 04:44:32 +0000  1244 bytes for ./assets/node_modules/@redshank/native/dist/@assets/social/google.png
2025-02-10 04:44:32 +0000  copying file ./assets/node_modules/@redshank/native/dist/@assets/social/facebook.png ... 
2025-02-10 04:44:32 +0000  2196 bytes for ./assets/node_modules/@redshank/native/dist/@assets/social/facebook.png
2025-02-10 04:44:32 +0000  copying file ./assets/node_modules/@redshank/native/dist/@assets/social/apple-light.png ... 
2025-02-10 04:44:32 +0000  1043 bytes for ./assets/node_modules/@redshank/native/dist/@assets/social/apple-light.png
2025-02-10 04:44:32 +0000  copying file ./assets/node_modules/@react-navigation/elements/lib/commonjs/assets/back-icon@3x.png ... 
2025-02-10 04:44:32 +0000  761 bytes for ./assets/node_modules/@react-navigation/elements/lib/commonjs/assets/back-icon@3x.png
2025-02-10 04:44:32 +0000  copying file ./assets/node_modules/@react-navigation/elements/lib/commonjs/assets/back-icon@2x.png ... 
2025-02-10 04:44:32 +0000  405 bytes for ./assets/node_modules/@react-navigation/elements/lib/commonjs/assets/back-icon@2x.png
2025-02-10 04:44:32 +0000  copying file ./assets/node_modules/@react-navigation/elements/lib/commonjs/assets/search-icon@2x.png ... 
2025-02-10 04:44:32 +0000  589 bytes for ./assets/node_modules/@react-navigation/elements/lib/commonjs/assets/search-icon@2x.png
2025-02-10 04:44:32 +0000  copying file ./assets/node_modules/@react-navigation/elements/lib/commonjs/assets/clear-icon@3x.png ... 
2025-02-10 04:44:32 +0000  502 bytes for ./assets/node_modules/@react-navigation/elements/lib/commonjs/assets/clear-icon@3x.png
2025-02-10 04:44:32 +0000  copying file ./assets/node_modules/@react-navigation/elements/lib/commonjs/assets/back-icon.png ... 
2025-02-10 04:44:32 +0000  290 bytes for ./assets/node_modules/@react-navigation/elements/lib/commonjs/assets/back-icon.png
2025-02-10 04:44:32 +0000  copying file ./assets/node_modules/@react-navigation/elements/lib/commonjs/assets/clear-icon@2x.png ... 
2025-02-10 04:44:32 +0000  334 bytes for ./assets/node_modules/@react-navigation/elements/lib/commonjs/assets/clear-icon@2x.png
2025-02-10 04:44:32 +0000  copying file ./assets/node_modules/@react-navigation/elements/lib/commonjs/assets/search-icon@3x.png ... 
2025-02-10 04:44:32 +0000  839 bytes for ./assets/node_modules/@react-navigation/elements/lib/commonjs/assets/search-icon@3x.png
2025-02-10 04:44:32 +0000  copying file ./assets/node_modules/@react-navigation/elements/lib/commonjs/assets/close-icon.png ... 
2025-02-10 04:44:32 +0000  141 bytes for ./assets/node_modules/@react-navigation/elements/lib/commonjs/assets/close-icon.png
2025-02-10 04:44:32 +0000  copying file ./assets/node_modules/@react-navigation/elements/lib/commonjs/assets/back-icon-mask.png ... 
2025-02-10 04:44:32 +0000  653 bytes for ./assets/node_modules/@react-navigation/elements/lib/commonjs/assets/back-icon-mask.png
2025-02-10 04:44:32 +0000  copying file ./assets/node_modules/@react-navigation/elements/lib/commonjs/assets/close-icon@2x.png ... 
2025-02-10 04:44:32 +0000  201 bytes for ./assets/node_modules/@react-navigation/elements/lib/commonjs/assets/close-icon@2x.png
2025-02-10 04:44:32 +0000  copying file ./assets/node_modules/@react-navigation/elements/lib/commonjs/assets/close-icon@3x.png ... 
2025-02-10 04:44:32 +0000  266 bytes for ./assets/node_modules/@react-navigation/elements/lib/commonjs/assets/close-icon@3x.png
2025-02-10 04:44:32 +0000  copying file ./assets/node_modules/@react-navigation/elements/lib/commonjs/assets/clear-icon.png ... 
2025-02-10 04:44:32 +0000  220 bytes for ./assets/node_modules/@react-navigation/elements/lib/commonjs/assets/clear-icon.png
2025-02-10 04:44:32 +0000  copying file ./assets/node_modules/@react-navigation/elements/lib/commonjs/assets/search-icon.png ... 
2025-02-10 04:44:32 +0000  317 bytes for ./assets/node_modules/@react-navigation/elements/lib/commonjs/assets/search-icon.png
2025-02-10 04:44:32 +0000  copying file ./assets/node_modules/@expo/vector-icons/build/vendor/react-native-vector-icons/Fonts/Fontisto.ttf ... 
2025-02-10 04:44:32 +0000  313528 bytes for ./assets/node_modules/@expo/vector-icons/build/vendor/react-native-vector-icons/Fonts/Fontisto.ttf
2025-02-10 04:44:32 +0000  copying file ./assets/node_modules/@expo/vector-icons/build/vendor/react-native-vector-icons/Fonts/Octicons.ttf ... 
2025-02-10 04:44:32 +0000  49404 bytes for ./assets/node_modules/@expo/vector-icons/build/vendor/react-native-vector-icons/Fonts/Octicons.ttf
2025-02-10 04:44:32 +0000  copying file ./assets/node_modules/@expo/vector-icons/build/vendor/react-native-vector-icons/Fonts/Feather.ttf ... 
2025-02-10 04:44:32 +0000  56228 bytes for ./assets/node_modules/@expo/vector-icons/build/vendor/react-native-vector-icons/Fonts/Feather.ttf
2025-02-10 04:44:32 +0000  copying file ./assets/node_modules/@expo/vector-icons/build/vendor/react-native-vector-icons/Fonts/FontAwesome6_Regular.ttf ... 
2025-02-10 04:44:32 +0000  67976 bytes for ./assets/node_modules/@expo/vector-icons/build/vendor/react-native-vector-icons/Fonts/FontAwesome6_Regular.ttf
2025-02-10 04:44:32 +0000  copying file ./assets/node_modules/@expo/vector-icons/build/vendor/react-native-vector-icons/Fonts/Entypo.ttf ... 
2025-02-10 04:44:32 +0000  66200 bytes for ./assets/node_modules/@expo/vector-icons/build/vendor/react-native-vector-icons/Fonts/Entypo.ttf
2025-02-10 04:44:32 +0000  copying file ./assets/node_modules/@expo/vector-icons/build/vendor/react-native-vector-icons/Fonts/FontAwesome5_Brands.ttf ... 
2025-02-10 04:44:32 +0000  134040 bytes for ./assets/node_modules/@expo/vector-icons/build/vendor/react-native-vector-icons/Fonts/FontAwesome5_Brands.ttf
2025-02-10 04:44:32 +0000  copying file ./assets/node_modules/@expo/vector-icons/build/vendor/react-native-vector-icons/Fonts/MaterialCommunityIcons.ttf ... 
2025-02-10 04:44:32 +0000  1147844 bytes for ./assets/node_modules/@expo/vector-icons/build/vendor/react-native-vector-icons/Fonts/MaterialCommunityIcons.ttf
2025-02-10 04:44:32 +0000  copying file ./assets/node_modules/@expo/vector-icons/build/vendor/react-native-vector-icons/Fonts/AntDesign.ttf ... 
2025-02-10 04:44:32 +0000  70344 bytes for ./assets/node_modules/@expo/vector-icons/build/vendor/react-native-vector-icons/Fonts/AntDesign.ttf
2025-02-10 04:44:32 +0000  copying file ./assets/node_modules/@expo/vector-icons/build/vendor/react-native-vector-icons/Fonts/Foundation.ttf ... 
2025-02-10 04:44:32 +0000  56976 bytes for ./assets/node_modules/@expo/vector-icons/build/vendor/react-native-vector-icons/Fonts/Foundation.ttf
2025-02-10 04:44:32 +0000  copying file ./assets/node_modules/@expo/vector-icons/build/vendor/react-native-vector-icons/Fonts/Ionicons.ttf ... 
2025-02-10 04:44:32 +0000  442604 bytes for ./assets/node_modules/@expo/vector-icons/build/vendor/react-native-vector-icons/Fonts/Ionicons.ttf
2025-02-10 04:44:32 +0000  copying file ./assets/node_modules/@expo/vector-icons/build/vendor/react-native-vector-icons/Fonts/FontAwesome5_Solid.ttf ... 
2025-02-10 04:44:32 +0000  202744 bytes for ./assets/node_modules/@expo/vector-icons/build/vendor/react-native-vector-icons/Fonts/FontAwesome5_Solid.ttf
2025-02-10 04:44:32 +0000  copying file ./assets/node_modules/@expo/vector-icons/build/vendor/react-native-vector-icons/Fonts/FontAwesome5_Regular.ttf ... 
2025-02-10 04:44:32 +0000  33736 bytes for ./assets/node_modules/@expo/vector-icons/build/vendor/react-native-vector-icons/Fonts/FontAwesome5_Regular.ttf
2025-02-10 04:44:32 +0000  copying file ./assets/node_modules/@expo/vector-icons/build/vendor/react-native-vector-icons/Fonts/FontAwesome.ttf ... 
2025-02-10 04:44:32 +0000  165548 bytes for ./assets/node_modules/@expo/vector-icons/build/vendor/react-native-vector-icons/Fonts/FontAwesome.ttf
2025-02-10 04:44:32 +0000  copying file ./assets/node_modules/@expo/vector-icons/build/vendor/react-native-vector-icons/Fonts/Zocial.ttf ... 
2025-02-10 04:44:32 +0000  25788 bytes for ./assets/node_modules/@expo/vector-icons/build/vendor/react-native-vector-icons/Fonts/Zocial.ttf
2025-02-10 04:44:32 +0000  copying file ./assets/node_modules/@expo/vector-icons/build/vendor/react-native-vector-icons/Fonts/EvilIcons.ttf ... 
2025-02-10 04:44:32 +0000  13456 bytes for ./assets/node_modules/@expo/vector-icons/build/vendor/react-native-vector-icons/Fonts/EvilIcons.ttf
2025-02-10 04:44:32 +0000  copying file ./assets/node_modules/@expo/vector-icons/build/vendor/react-native-vector-icons/Fonts/FontAwesome6_Solid.ttf ... 
2025-02-10 04:44:32 +0000  423676 bytes for ./assets/node_modules/@expo/vector-icons/build/vendor/react-native-vector-icons/Fonts/FontAwesome6_Solid.ttf
2025-02-10 04:44:32 +0000  copying file ./assets/node_modules/@expo/vector-icons/build/vendor/react-native-vector-icons/Fonts/SimpleLineIcons.ttf ... 
2025-02-10 04:44:32 +0000  54056 bytes for ./assets/node_modules/@expo/vector-icons/build/vendor/react-native-vector-icons/Fonts/SimpleLineIcons.ttf
2025-02-10 04:44:32 +0000  copying file ./assets/node_modules/@expo/vector-icons/build/vendor/react-native-vector-icons/Fonts/FontAwesome6_Brands.ttf ... 
2025-02-10 04:44:32 +0000  209376 bytes for ./assets/node_modules/@expo/vector-icons/build/vendor/react-native-vector-icons/Fonts/FontAwesome6_Brands.ttf
2025-02-10 04:44:32 +0000  copying file ./assets/node_modules/@expo/vector-icons/build/vendor/react-native-vector-icons/Fonts/MaterialIcons.ttf ... 
2025-02-10 04:44:32 +0000  356840 bytes for ./assets/node_modules/@expo/vector-icons/build/vendor/react-native-vector-icons/Fonts/MaterialIcons.ttf
2025-02-10 04:44:32 +0000  copying file ./assets/node_modules/expo-router/assets/pkg.png ... 
2025-02-10 04:44:32 +0000  364 bytes for ./assets/node_modules/expo-router/assets/pkg.png
2025-02-10 04:44:32 +0000  copying file ./assets/node_modules/expo-router/assets/unmatched.png ... 
2025-02-10 04:44:32 +0000  4752 bytes for ./assets/node_modules/expo-router/assets/unmatched.png
2025-02-10 04:44:32 +0000  copying file ./assets/node_modules/expo-router/assets/file.png ... 
2025-02-10 04:44:32 +0000  138 bytes for ./assets/node_modules/expo-router/assets/file.png
2025-02-10 04:44:32 +0000  copying file ./assets/node_modules/expo-router/assets/forward.png ... 
2025-02-10 04:44:32 +0000  188 bytes for ./assets/node_modules/expo-router/assets/forward.png
2025-02-10 04:44:32 +0000  copying file ./assets/node_modules/expo-router/assets/error.png ... 
2025-02-10 04:44:32 +0000  469 bytes for ./assets/node_modules/expo-router/assets/error.png
2025-02-10 04:44:32 +0000  copying file ./assets/node_modules/expo-router/assets/sitemap.png ... 
2025-02-10 04:44:32 +0000  465 bytes for ./assets/node_modules/expo-router/assets/sitemap.png
2025-02-10 04:44:32 +0000  copying file ./assets/assets/fonts/SpaceMono-Regular.ttf ... 
2025-02-10 04:44:32 +0000  93252 bytes for ./assets/assets/fonts/SpaceMono-Regular.ttf
2025-02-10 04:44:32 +0000  copying file ./Info.plist ... 
2025-02-10 04:44:32 +0000  1812 bytes for ./Info.plist
2025-02-10 04:44:32 +0000  copying file ./Expo.plist ... 
2025-02-10 04:44:32 +0000  132 bytes for ./Expo.plist
2025-02-10 04:44:32 +0000  copying file ./PkgInfo ... 
2025-02-10 04:44:32 +0000  8 bytes for ./PkgInfo
2025-02-10 04:44:32 +0000  copying file ./React-Core_privacy.bundle/PrivacyInfo.xcprivacy ... 
2025-02-10 04:44:32 +0000  768 bytes for ./React-Core_privacy.bundle/PrivacyInfo.xcprivacy
2025-02-10 04:44:32 +0000  copying file ./React-Core_privacy.bundle/Info.plist ... 
2025-02-10 04:44:32 +0000  786 bytes for ./React-Core_privacy.bundle/Info.plist
2025-02-10 04:44:32 +0000  /usr/bin/ditto exited with 0
2025-02-10 04:44:32 +0000  Processing step: IDEDistributionEmbedProfileStep
2025-02-10 04:44:32 +0000  Skipping profile for item: <IDEDistributionItem: 0x60001ae37a20; bundleID='dev.hermesengine.iphoneos', path='<DVTFilePath:0x600012328e70:'/Users/rivaslive/Library/Developer/Xcode/Archives/2025-02-09/accounting 9-2-25, 10.41 PM.xcarchive/Products/Applications/accounting.app/Frameworks/hermes.framework'>', codeSigningInfo='<_DVTCodeSigningInformation_Path: 0x60001a882620; isSigned='1', isAdHocSigned='0', signingCertificate='<DVTSigningCertificate: 0x60000b1a5e00; name='Apple Distribution: Kevin Rivas (7ZKP2AC4H6)', hash='CE674FC93AE5B612FF4C56D28758C081B2553B97', serialNumber='42AA4A5795E20E1485C050BB549702D0', certificateKinds='(
    "1.2.840.113635.100.6.1.7",
    "1.2.840.113635.100.6.1.4"
), issueDate='2025-02-10 04:23:27 +0000''>', entitlements='(null)', teamID='7ZKP2AC4H6', identifier='dev.hermesengine.iphoneos', executablePath='<DVTFilePath:0x60001ae9a820:'/Users/rivaslive/Library/Developer/Xcode/Archives/2025-02-09/accounting 9-2-25, 10.41 PM.xcarchive/Products/Applications/accounting.app/Frameworks/hermes.framework/hermes'>', hardenedRuntime='0'>'>
2025-02-10 04:44:32 +0000  Processing step: IDEDistributionInfoPlistStep
2025-02-10 04:44:32 +0000  Skipping step: IDEDistributionInfoPlistStep because it said so
2025-02-10 04:44:32 +0000  Skipping step: IDEDistributionInfoPlistStep because it said so
2025-02-10 04:44:32 +0000  Processing step: IDEDistributionAppThinningPlistStep
2025-02-10 04:44:32 +0000  Skipping step: IDEDistributionAppThinningPlistStep because it said so
2025-02-10 04:44:32 +0000  Processing step: IDEDistributionSymbolsStep
2025-02-10 04:44:32 +0000  Skipping step: IDEDistributionSymbolsStep because it said so
2025-02-10 04:44:32 +0000  Processing step: IDEDistributionAppThinningStep
2025-02-10 04:44:32 +0000  Skipping step: IDEDistributionAppThinningStep because it said so
2025-02-10 04:44:32 +0000  Processing step: IDEDistributionArchThinningStep
2025-02-10 04:44:32 +0000  Item /Users/rivaslive/Library/Developer/Xcode/Archives/2025-02-09/accounting 9-2-25, 10.41 PM.xcarchive/Products/Applications/accounting.app/Frameworks/hermes.framework doesn't have the entitlement com.apple.developer.web-browser-engine.host enabled, returning ["arm64e"]
2025-02-10 04:44:32 +0000  Archs to thin for item /Users/rivaslive/Library/Developer/Xcode/Archives/2025-02-09/accounting 9-2-25, 10.41 PM.xcarchive/Products/Applications/accounting.app/Frameworks/hermes.framework are ["arm64e"]
2025-02-10 04:44:32 +0000  Running /Applications/Xcode.app/Contents/Developer/Toolchains/XcodeDefault.xctoolchain/usr/bin/lipo '/var/folders/7y/7x32_tls79b9wsfbfd9l17r00000gn/T/XcodeDistPipeline.~~~qkejE0/Root/Payload/accounting.app/Frameworks/hermes.framework/hermes' '-verify_arch' 'arm64e'
2025-02-10 04:44:32 +0000  /Applications/Xcode.app/Contents/Developer/Toolchains/XcodeDefault.xctoolchain/usr/bin/lipo exited with 1
2025-02-10 04:44:32 +0000  Skipping architecture thinning for item "hermes" because arch "arm64e" wasn't found
2025-02-10 04:44:32 +0000  Item /Users/rivaslive/Library/Developer/Xcode/Archives/2025-02-09/accounting 9-2-25, 10.41 PM.xcarchive/Products/Applications/accounting.app doesn't have the entitlement com.apple.developer.web-browser-engine.host enabled, returning ["arm64e"]
2025-02-10 04:44:32 +0000  Archs to thin for item /Users/rivaslive/Library/Developer/Xcode/Archives/2025-02-09/accounting 9-2-25, 10.41 PM.xcarchive/Products/Applications/accounting.app are ["arm64e"]
2025-02-10 04:44:32 +0000  Running /Applications/Xcode.app/Contents/Developer/Toolchains/XcodeDefault.xctoolchain/usr/bin/lipo '/var/folders/7y/7x32_tls79b9wsfbfd9l17r00000gn/T/XcodeDistPipeline.~~~qkejE0/Root/Payload/accounting.app/accounting' '-verify_arch' 'arm64e'
2025-02-10 04:44:32 +0000  /Applications/Xcode.app/Contents/Developer/Toolchains/XcodeDefault.xctoolchain/usr/bin/lipo exited with 1
2025-02-10 04:44:32 +0000  Skipping architecture thinning for item "accounting" because arch "arm64e" wasn't found
2025-02-10 04:44:32 +0000  Processing step: IDEDistributionODRStep
2025-02-10 04:44:32 +0000  Processing step: IDEDistributionStripXattrsStep
2025-02-10 04:44:32 +0000  Skipping stripping extended attributes because the codesign step will strip them.
2025-02-10 04:44:32 +0000  Skipping stripping extended attributes because the codesign step will strip them.
2025-02-10 04:44:32 +0000  Processing step: IDEDistributionCodesignStep
2025-02-10 04:44:32 +0000  Entitlements for <IDEDistributionItem: 0x60001ae37a20; bundleID='dev.hermesengine.iphoneos', path='<DVTFilePath:0x600012328e70:'/Users/rivaslive/Library/Developer/Xcode/Archives/2025-02-09/accounting 9-2-25, 10.41 PM.xcarchive/Products/Applications/accounting.app/Frameworks/hermes.framework'>', codeSigningInfo='<_DVTCodeSigningInformation_Path: 0x60001a882620; isSigned='1', isAdHocSigned='0', signingCertificate='<DVTSigningCertificate: 0x60000b1b3d80; name='Apple Distribution: Kevin Rivas (7ZKP2AC4H6)', hash='CE674FC93AE5B612FF4C56D28758C081B2553B97', serialNumber='42AA4A5795E20E1485C050BB549702D0', certificateKinds='(
    "1.2.840.113635.100.6.1.7",
    "1.2.840.113635.100.6.1.4"
), issueDate='2025-02-10 04:23:27 +0000''>', entitlements='(null)', teamID='7ZKP2AC4H6', identifier='dev.hermesengine.iphoneos', executablePath='<DVTFilePath:0x60001ae9a820:'/Users/rivaslive/Library/Developer/Xcode/Archives/2025-02-09/accounting 9-2-25, 10.41 PM.xcarchive/Products/Applications/accounting.app/Frameworks/hermes.framework/hermes'>', hardenedRuntime='0'>'>: {
}
2025-02-10 04:44:32 +0000  Associated App Clip Identifiers Filter: Skipping because "com.apple.developer.associated-appclip-app-identifiers" is not present
2025-02-10 04:44:32 +0000  Entitlements for <IDEDistributionItem: 0x60001ae37a20; bundleID='dev.hermesengine.iphoneos', path='<DVTFilePath:0x600012328e70:'/Users/rivaslive/Library/Developer/Xcode/Archives/2025-02-09/accounting 9-2-25, 10.41 PM.xcarchive/Products/Applications/accounting.app/Frameworks/hermes.framework'>', codeSigningInfo='<_DVTCodeSigningInformation_Path: 0x60001a882620; isSigned='1', isAdHocSigned='0', signingCertificate='<DVTSigningCertificate: 0x60000b1b3f00; name='Apple Distribution: Kevin Rivas (7ZKP2AC4H6)', hash='CE674FC93AE5B612FF4C56D28758C081B2553B97', serialNumber='42AA4A5795E20E1485C050BB549702D0', certificateKinds='(
    "1.2.840.113635.100.6.1.7",
    "1.2.840.113635.100.6.1.4"
), issueDate='2025-02-10 04:23:27 +0000''>', entitlements='(null)', teamID='7ZKP2AC4H6', identifier='dev.hermesengine.iphoneos', executablePath='<DVTFilePath:0x60001ae9a820:'/Users/rivaslive/Library/Developer/Xcode/Archives/2025-02-09/accounting 9-2-25, 10.41 PM.xcarchive/Products/Applications/accounting.app/Frameworks/hermes.framework/hermes'>', hardenedRuntime='0'>'> are: {
}
2025-02-10 04:44:32 +0000  Writing entitlements for <IDEDistributionItem: 0x60001ae37a20; bundleID='dev.hermesengine.iphoneos', path='<DVTFilePath:0x600012328e70:'/Users/rivaslive/Library/Developer/Xcode/Archives/2025-02-09/accounting 9-2-25, 10.41 PM.xcarchive/Products/Applications/accounting.app/Frameworks/hermes.framework'>', codeSigningInfo='<_DVTCodeSigningInformation_Path: 0x60001a882620; isSigned='1', isAdHocSigned='0', signingCertificate='<DVTSigningCertificate: 0x60000b1b3540; name='Apple Distribution: Kevin Rivas (7ZKP2AC4H6)', hash='CE674FC93AE5B612FF4C56D28758C081B2553B97', serialNumber='42AA4A5795E20E1485C050BB549702D0', certificateKinds='(
    "1.2.840.113635.100.6.1.7",
    "1.2.840.113635.100.6.1.4"
), issueDate='2025-02-10 04:23:27 +0000''>', entitlements='(null)', teamID='7ZKP2AC4H6', identifier='dev.hermesengine.iphoneos', executablePath='<DVTFilePath:0x60001ae9a820:'/Users/rivaslive/Library/Developer/Xcode/Archives/2025-02-09/accounting 9-2-25, 10.41 PM.xcarchive/Products/Applications/accounting.app/Frameworks/hermes.framework/hermes'>', hardenedRuntime='0'>'> to: /var/folders/7y/7x32_tls79b9wsfbfd9l17r00000gn/T/XcodeDistPipeline.~~~qkejE0/entitlements~~~bAkIE1
2025-02-10 04:44:32 +0000  invoking codesign: <NSConcreteTask: 0x600016d31310; launchPath='/usr/bin/codesign', arguments='(
    "-f",
    "-s",
    CE674FC93AE5B612FF4C56D28758C081B2553B97,
    "--entitlements",
    "/var/folders/7y/7x32_tls79b9wsfbfd9l17r00000gn/T/XcodeDistPipeline.~~~qkejE0/entitlements~~~bAkIE1",
    "--preserve-metadata=identifier,flags,runtime",
    "--generate-entitlement-der",
    "--strip-disallowed-xattrs",
    "-vvv",
    "/var/folders/7y/7x32_tls79b9wsfbfd9l17r00000gn/T/XcodeDistPipeline.~~~qkejE0/Root/Payload/accounting.app/Frameworks/hermes.framework"
)'>
2025-02-10 04:44:32 +0000  codesign output: /var/folders/7y/7x32_tls79b9wsfbfd9l17r00000gn/T/XcodeDistPipeline.~~~qkejE0/Root/Payload/accounting.app/Frameworks/hermes.framework: replacing existing signature
/var/folders/7y/7x32_tls79b9wsfbfd9l17r00000gn/T/XcodeDistPipeline.~~~qkejE0/Root/Payload/accounting.app/Frameworks/hermes.framework: signed bundle with Mach-O thin (arm64) [dev.hermesengine.iphoneos]
2025-02-10 04:44:32 +0000  Entitlements for <IDEDistributionItem: 0x60001ae37120; bundleID='com.rivaslive.accounting', path='<DVTFilePath:0x600016fd5560:'/Users/rivaslive/Library/Developer/Xcode/Archives/2025-02-09/accounting 9-2-25, 10.41 PM.xcarchive/Products/Applications/accounting.app'>', codeSigningInfo='<_DVTCodeSigningInformation_Path: 0x60001a8845a0; isSigned='1', isAdHocSigned='0', signingCertificate='<DVTSigningCertificate: 0x60000b1b3d80; name='Apple Distribution: Kevin Rivas (7ZKP2AC4H6)', hash='CE674FC93AE5B612FF4C56D28758C081B2553B97', serialNumber='42AA4A5795E20E1485C050BB549702D0', certificateKinds='(
    "1.2.840.113635.100.6.1.7",
    "1.2.840.113635.100.6.1.4"
), issueDate='2025-02-10 04:23:27 +0000''>', entitlements='{
    "application-identifier" = "7ZKP2AC4H6.com.rivaslive.accounting";
    "com.apple.developer.team-identifier" = 7ZKP2AC4H6;
    "get-task-allow" = 0;
}', teamID='7ZKP2AC4H6', identifier='com.rivaslive.accounting', executablePath='<DVTFilePath:0x60001aee88a0:'/Users/rivaslive/Library/Developer/Xcode/Archives/2025-02-09/accounting 9-2-25, 10.41 PM.xcarchive/Products/Applications/accounting.app/accounting'>', hardenedRuntime='0'>'>: {
    "application-identifier" = "7ZKP2AC4H6.com.rivaslive.accounting";
    "com.apple.developer.team-identifier" = 7ZKP2AC4H6;
    "get-task-allow" = 0;
}
2025-02-10 04:44:32 +0000  Associated App Clip Identifiers Filter: Skipping because "com.apple.developer.associated-appclip-app-identifiers" is not present
2025-02-10 04:44:32 +0000  Entitlements for <IDEDistributionItem: 0x60001ae37120; bundleID='com.rivaslive.accounting', path='<DVTFilePath:0x600016fd5560:'/Users/rivaslive/Library/Developer/Xcode/Archives/2025-02-09/accounting 9-2-25, 10.41 PM.xcarchive/Products/Applications/accounting.app'>', codeSigningInfo='<_DVTCodeSigningInformation_Path: 0x60001a8845a0; isSigned='1', isAdHocSigned='0', signingCertificate='<DVTSigningCertificate: 0x60000b1ac000; name='Apple Distribution: Kevin Rivas (7ZKP2AC4H6)', hash='CE674FC93AE5B612FF4C56D28758C081B2553B97', serialNumber='42AA4A5795E20E1485C050BB549702D0', certificateKinds='(
    "1.2.840.113635.100.6.1.7",
    "1.2.840.113635.100.6.1.4"
), issueDate='2025-02-10 04:23:27 +0000''>', entitlements='{
    "application-identifier" = "7ZKP2AC4H6.com.rivaslive.accounting";
    "com.apple.developer.team-identifier" = 7ZKP2AC4H6;
    "get-task-allow" = 0;
}', teamID='7ZKP2AC4H6', identifier='com.rivaslive.accounting', executablePath='<DVTFilePath:0x60001aee88a0:'/Users/rivaslive/Library/Developer/Xcode/Archives/2025-02-09/accounting 9-2-25, 10.41 PM.xcarchive/Products/Applications/accounting.app/accounting'>', hardenedRuntime='0'>'> are: {
    "application-identifier" = "7ZKP2AC4H6.com.rivaslive.accounting";
    "com.apple.developer.team-identifier" = 7ZKP2AC4H6;
    "get-task-allow" = 0;
}
2025-02-10 04:44:32 +0000  Writing entitlements for <IDEDistributionItem: 0x60001ae37120; bundleID='com.rivaslive.accounting', path='<DVTFilePath:0x600016fd5560:'/Users/rivaslive/Library/Developer/Xcode/Archives/2025-02-09/accounting 9-2-25, 10.41 PM.xcarchive/Products/Applications/accounting.app'>', codeSigningInfo='<_DVTCodeSigningInformation_Path: 0x60001a8845a0; isSigned='1', isAdHocSigned='0', signingCertificate='<DVTSigningCertificate: 0x60000b1b3540; name='Apple Distribution: Kevin Rivas (7ZKP2AC4H6)', hash='CE674FC93AE5B612FF4C56D28758C081B2553B97', serialNumber='42AA4A5795E20E1485C050BB549702D0', certificateKinds='(
    "1.2.840.113635.100.6.1.7",
    "1.2.840.113635.100.6.1.4"
), issueDate='2025-02-10 04:23:27 +0000''>', entitlements='{
    "application-identifier" = "7ZKP2AC4H6.com.rivaslive.accounting";
    "com.apple.developer.team-identifier" = 7ZKP2AC4H6;
    "get-task-allow" = 0;
}', teamID='7ZKP2AC4H6', identifier='com.rivaslive.accounting', executablePath='<DVTFilePath:0x60001aee88a0:'/Users/rivaslive/Library/Developer/Xcode/Archives/2025-02-09/accounting 9-2-25, 10.41 PM.xcarchive/Products/Applications/accounting.app/accounting'>', hardenedRuntime='0'>'> to: /var/folders/7y/7x32_tls79b9wsfbfd9l17r00000gn/T/XcodeDistPipeline.~~~qkejE0/entitlements~~~ZVWhbR
2025-02-10 04:44:32 +0000  invoking codesign: <NSConcreteTask: 0x600016d31d60; launchPath='/usr/bin/codesign', arguments='(
    "-f",
    "-s",
    CE674FC93AE5B612FF4C56D28758C081B2553B97,
    "--entitlements",
    "/var/folders/7y/7x32_tls79b9wsfbfd9l17r00000gn/T/XcodeDistPipeline.~~~qkejE0/entitlements~~~ZVWhbR",
    "--preserve-metadata=identifier,flags,runtime",
    "--generate-entitlement-der",
    "--strip-disallowed-xattrs",
    "-vvv",
    "/var/folders/7y/7x32_tls79b9wsfbfd9l17r00000gn/T/XcodeDistPipeline.~~~qkejE0/Root/Payload/accounting.app"
)'>
2025-02-10 04:44:32 +0000  codesign output: /var/folders/7y/7x32_tls79b9wsfbfd9l17r00000gn/T/XcodeDistPipeline.~~~qkejE0/Root/Payload/accounting.app: replacing existing signature
/var/folders/7y/7x32_tls79b9wsfbfd9l17r00000gn/T/XcodeDistPipeline.~~~qkejE0/Root/Payload/accounting.app: signed app bundle with Mach-O thin (arm64) [com.rivaslive.accounting]
2025-02-10 04:44:32 +0000  Processing step: IDEDistributionZipODRItemStep
2025-02-10 04:44:32 +0000  Skipping step: IDEDistributionZipODRItemStep because it said so
2025-02-10 04:44:32 +0000  Skipping step: IDEDistributionZipODRItemStep because it said so
2025-02-10 04:44:32 +0000  Processing step: IDEDistributionCreateIPAStep
2025-02-10 04:44:32 +0000  Running /usr/bin/ditto '-V' '-c' '-k' '--norsrc' '/var/folders/7y/7x32_tls79b9wsfbfd9l17r00000gn/T/XcodeDistPipeline.~~~qkejE0/Root' '/var/folders/7y/7x32_tls79b9wsfbfd9l17r00000gn/T/XcodeDistPipeline.~~~qkejE0/Packages/accounting.ipa'
2025-02-10 04:44:32 +0000  >>> Copying /var/folders/7y/7x32_tls79b9wsfbfd9l17r00000gn/T/XcodeDistPipeline.~~~qkejE0/Root 
2025-02-10 04:44:32 +0000  copying file ./Payload/accounting.app/_CodeSignature/CodeResources ... 
2025-02-10 04:44:32 +0000  24645 bytes for ./Payload/accounting.app/_CodeSignature/CodeResources
2025-02-10 04:44:32 +0000  copying file ./Payload/accounting.app/accounting ... 
2025-02-10 04:44:33 +0000  7244976 bytes for ./Payload/accounting.app/accounting
2025-02-10 04:44:33 +0000  copying file ./Payload/accounting.app/SplashScreen.storyboardc/EXPO-VIEWCONTROLLER-1-view-EXPO-ContainerView.nib ... 
2024 bytes for ./Payload/accounting.app/SplashScreen.storyboardc/EXPO-VIEWCONTROLLER-1-view-EXPO-ContainerView.nib
copying file ./Payload/accounting.app/SplashScreen.storyboardc/SplashScreenViewController.nib ... 
1004 bytes for ./Payload/accounting.app/SplashScreen.storyboardc/SplashScreenViewController.nib
copying file ./Payload/accounting.app/SplashScreen.storyboardc/Info.plist ... 
225 bytes for ./Payload/accounting.app/SplashScreen.storyboardc/Info.plist
copying file ./Payload/accounting.app/ExpoSystemUI_privacy.bundle/PrivacyInfo.xcprivacy ... 
607 bytes for ./Payload/accounting.app/ExpoSystemUI_privacy.bundle/PrivacyInfo.xcprivacy
copying file ./Payload/accounting.app/ExpoSystemUI_privacy.bundle/Info.plist ... 
2025-02-10 04:44:33 +0000  789 bytes for ./Payload/accounting.app/ExpoSystemUI_privacy.bundle/Info.plist
copying file ./Payload/accounting.app/glog_privacy.bundle/Info.plist ... 
2025-02-10 04:44:33 +0000  771 bytes for ./Payload/accounting.app/glog_privacy.bundle/Info.plist
copying file ./Payload/accounting.app/AppIcon60x60@2x.png ... 
2025-02-10 04:44:33 +0000  8119 bytes for ./Payload/accounting.app/AppIcon60x60@2x.png
2025-02-10 04:44:33 +0000  copying file ./Payload/accounting.app/ExpoConstants_privacy.bundle/PrivacyInfo.xcprivacy ... 
2025-02-10 04:44:33 +0000  607 bytes for ./Payload/accounting.app/ExpoConstants_privacy.bundle/PrivacyInfo.xcprivacy
copying file ./Payload/accounting.app/ExpoConstants_privacy.bundle/Info.plist ... 
2025-02-10 04:44:33 +0000  792 bytes for ./Payload/accounting.app/ExpoConstants_privacy.bundle/Info.plist
2025-02-10 04:44:33 +0000  copying file ./Payload/accounting.app/React-cxxreact_privacy.bundle/PrivacyInfo.xcprivacy ... 
552 bytes for ./Payload/accounting.app/React-cxxreact_privacy.bundle/PrivacyInfo.xcprivacy
copying file ./Payload/accounting.app/React-cxxreact_privacy.bundle/Info.plist ... 
2025-02-10 04:44:33 +0000  794 bytes for ./Payload/accounting.app/React-cxxreact_privacy.bundle/Info.plist
2025-02-10 04:44:33 +0000  copying file ./Payload/accounting.app/RCT-Folly_privacy.bundle/Info.plist ... 
2025-02-10 04:44:33 +0000  786 bytes for ./Payload/accounting.app/RCT-Folly_privacy.bundle/Info.plist
copying file ./Payload/accounting.app/Assets.car ... 
2025-02-10 04:44:33 +0000  857920 bytes for ./Payload/accounting.app/Assets.car
2025-02-10 04:44:33 +0000  copying file ./Payload/accounting.app/AppIcon76x76@2x~ipad.png ... 
2025-02-10 04:44:33 +0000  12542 bytes for ./Payload/accounting.app/AppIcon76x76@2x~ipad.png
2025-02-10 04:44:33 +0000  copying file ./Payload/accounting.app/main.jsbundle ... 
2025-02-10 04:44:33 +0000  4540118 bytes for ./Payload/accounting.app/main.jsbundle
2025-02-10 04:44:33 +0000  copying file ./Payload/accounting.app/EXConstants.bundle/app.config ... 
948 bytes for ./Payload/accounting.app/EXConstants.bundle/app.config
copying file ./Payload/accounting.app/EXConstants.bundle/Info.plist ... 
770 bytes for ./Payload/accounting.app/EXConstants.bundle/Info.plist
copying file ./Payload/accounting.app/PrivacyInfo.xcprivacy ... 
1283 bytes for ./Payload/accounting.app/PrivacyInfo.xcprivacy
copying file ./Payload/accounting.app/ExpoFileSystem_privacy.bundle/PrivacyInfo.xcprivacy ... 
877 bytes for ./Payload/accounting.app/ExpoFileSystem_privacy.bundle/PrivacyInfo.xcprivacy
copying file ./Payload/accounting.app/ExpoFileSystem_privacy.bundle/Info.plist ... 
2025-02-10 04:44:33 +0000  794 bytes for ./Payload/accounting.app/ExpoFileSystem_privacy.bundle/Info.plist
copying file ./Payload/accounting.app/boost_privacy.bundle/Info.plist ... 
2025-02-10 04:44:33 +0000  774 bytes for ./Payload/accounting.app/boost_privacy.bundle/Info.plist
2025-02-10 04:44:33 +0000  copying file ./Payload/accounting.app/Frameworks/hermes.framework/_CodeSignature/CodeResources ... 
2025-02-10 04:44:33 +0000  1798 bytes for ./Payload/accounting.app/Frameworks/hermes.framework/_CodeSignature/CodeResources
copying file ./Payload/accounting.app/Frameworks/hermes.framework/hermes ... 
2025-02-10 04:44:33 +0000  4616864 bytes for ./Payload/accounting.app/Frameworks/hermes.framework/hermes
2025-02-10 04:44:33 +0000  copying file ./Payload/accounting.app/Frameworks/hermes.framework/Info.plist ... 
859 bytes for ./Payload/accounting.app/Frameworks/hermes.framework/Info.plist
copying file ./Payload/accounting.app/embedded.mobileprovision ... 
12154 bytes for ./Payload/accounting.app/embedded.mobileprovision
2025-02-10 04:44:33 +0000  copying file ./Payload/accounting.app/assets/node_modules/@redshank/native/dist/@assets/social/apple-dark.png ... 
2025-02-10 04:44:33 +0000  1041 bytes for ./Payload/accounting.app/assets/node_modules/@redshank/native/dist/@assets/social/apple-dark.png
2025-02-10 04:44:33 +0000  copying file ./Payload/accounting.app/assets/node_modules/@redshank/native/dist/@assets/social/twitter.png ... 
2025-02-10 04:44:33 +0000  1207 bytes for ./Payload/accounting.app/assets/node_modules/@redshank/native/dist/@assets/social/twitter.png
copying file ./Payload/accounting.app/assets/node_modules/@redshank/native/dist/@assets/social/google.png ... 
2025-02-10 04:44:33 +0000  1244 bytes for ./Payload/accounting.app/assets/node_modules/@redshank/native/dist/@assets/social/google.png
2025-02-10 04:44:33 +0000  copying file ./Payload/accounting.app/assets/node_modules/@redshank/native/dist/@assets/social/facebook.png ... 
2025-02-10 04:44:33 +0000  2196 bytes for ./Payload/accounting.app/assets/node_modules/@redshank/native/dist/@assets/social/facebook.png
2025-02-10 04:44:33 +0000  copying file ./Payload/accounting.app/assets/node_modules/@redshank/native/dist/@assets/social/apple-light.png ... 
2025-02-10 04:44:33 +0000  1043 bytes for ./Payload/accounting.app/assets/node_modules/@redshank/native/dist/@assets/social/apple-light.png
2025-02-10 04:44:33 +0000  copying file ./Payload/accounting.app/assets/node_modules/@react-navigation/elements/lib/commonjs/assets/back-icon@3x.png ... 
2025-02-10 04:44:33 +0000  761 bytes for ./Payload/accounting.app/assets/node_modules/@react-navigation/elements/lib/commonjs/assets/back-icon@3x.png
2025-02-10 04:44:33 +0000  copying file ./Payload/accounting.app/assets/node_modules/@react-navigation/elements/lib/commonjs/assets/back-icon@2x.png ... 
2025-02-10 04:44:33 +0000  405 bytes for ./Payload/accounting.app/assets/node_modules/@react-navigation/elements/lib/commonjs/assets/back-icon@2x.png
2025-02-10 04:44:33 +0000  copying file ./Payload/accounting.app/assets/node_modules/@react-navigation/elements/lib/commonjs/assets/search-icon@2x.png ... 
2025-02-10 04:44:33 +0000  589 bytes for ./Payload/accounting.app/assets/node_modules/@react-navigation/elements/lib/commonjs/assets/search-icon@2x.png
2025-02-10 04:44:33 +0000  copying file ./Payload/accounting.app/assets/node_modules/@react-navigation/elements/lib/commonjs/assets/clear-icon@3x.png ... 
2025-02-10 04:44:33 +0000  502 bytes for ./Payload/accounting.app/assets/node_modules/@react-navigation/elements/lib/commonjs/assets/clear-icon@3x.png
2025-02-10 04:44:33 +0000  copying file ./Payload/accounting.app/assets/node_modules/@react-navigation/elements/lib/commonjs/assets/back-icon.png ... 
2025-02-10 04:44:33 +0000  290 bytes for ./Payload/accounting.app/assets/node_modules/@react-navigation/elements/lib/commonjs/assets/back-icon.png
2025-02-10 04:44:33 +0000  copying file ./Payload/accounting.app/assets/node_modules/@react-navigation/elements/lib/commonjs/assets/clear-icon@2x.png ... 
2025-02-10 04:44:33 +0000  334 bytes for ./Payload/accounting.app/assets/node_modules/@react-navigation/elements/lib/commonjs/assets/clear-icon@2x.png
2025-02-10 04:44:33 +0000  copying file ./Payload/accounting.app/assets/node_modules/@react-navigation/elements/lib/commonjs/assets/search-icon@3x.png ... 
2025-02-10 04:44:33 +0000  839 bytes for ./Payload/accounting.app/assets/node_modules/@react-navigation/elements/lib/commonjs/assets/search-icon@3x.png
2025-02-10 04:44:33 +0000  copying file ./Payload/accounting.app/assets/node_modules/@react-navigation/elements/lib/commonjs/assets/close-icon.png ... 
141 bytes for ./Payload/accounting.app/assets/node_modules/@react-navigation/elements/lib/commonjs/assets/close-icon.png
copying file ./Payload/accounting.app/assets/node_modules/@react-navigation/elements/lib/commonjs/assets/back-icon-mask.png ... 
2025-02-10 04:44:33 +0000  653 bytes for ./Payload/accounting.app/assets/node_modules/@react-navigation/elements/lib/commonjs/assets/back-icon-mask.png
2025-02-10 04:44:33 +0000  copying file ./Payload/accounting.app/assets/node_modules/@react-navigation/elements/lib/commonjs/assets/close-icon@2x.png ... 
2025-02-10 04:44:33 +0000  201 bytes for ./Payload/accounting.app/assets/node_modules/@react-navigation/elements/lib/commonjs/assets/close-icon@2x.png
2025-02-10 04:44:33 +0000  copying file ./Payload/accounting.app/assets/node_modules/@react-navigation/elements/lib/commonjs/assets/close-icon@3x.png ... 
2025-02-10 04:44:33 +0000  266 bytes for ./Payload/accounting.app/assets/node_modules/@react-navigation/elements/lib/commonjs/assets/close-icon@3x.png
2025-02-10 04:44:33 +0000  copying file ./Payload/accounting.app/assets/node_modules/@react-navigation/elements/lib/commonjs/assets/clear-icon.png ... 
2025-02-10 04:44:33 +0000  220 bytes for ./Payload/accounting.app/assets/node_modules/@react-navigation/elements/lib/commonjs/assets/clear-icon.png
copying file ./Payload/accounting.app/assets/node_modules/@react-navigation/elements/lib/commonjs/assets/search-icon.png ... 
2025-02-10 04:44:33 +0000  317 bytes for ./Payload/accounting.app/assets/node_modules/@react-navigation/elements/lib/commonjs/assets/search-icon.png
2025-02-10 04:44:33 +0000  copying file ./Payload/accounting.app/assets/node_modules/@expo/vector-icons/build/vendor/react-native-vector-icons/Fonts/Fontisto.ttf ... 
2025-02-10 04:44:33 +0000  313528 bytes for ./Payload/accounting.app/assets/node_modules/@expo/vector-icons/build/vendor/react-native-vector-icons/Fonts/Fontisto.ttf
2025-02-10 04:44:33 +0000  copying file ./Payload/accounting.app/assets/node_modules/@expo/vector-icons/build/vendor/react-native-vector-icons/Fonts/Octicons.ttf ... 
2025-02-10 04:44:33 +0000  49404 bytes for ./Payload/accounting.app/assets/node_modules/@expo/vector-icons/build/vendor/react-native-vector-icons/Fonts/Octicons.ttf
2025-02-10 04:44:33 +0000  copying file ./Payload/accounting.app/assets/node_modules/@expo/vector-icons/build/vendor/react-native-vector-icons/Fonts/Feather.ttf ... 
2025-02-10 04:44:33 +0000  56228 bytes for ./Payload/accounting.app/assets/node_modules/@expo/vector-icons/build/vendor/react-native-vector-icons/Fonts/Feather.ttf
2025-02-10 04:44:33 +0000  copying file ./Payload/accounting.app/assets/node_modules/@expo/vector-icons/build/vendor/react-native-vector-icons/Fonts/FontAwesome6_Regular.ttf ... 
2025-02-10 04:44:33 +0000  67976 bytes for ./Payload/accounting.app/assets/node_modules/@expo/vector-icons/build/vendor/react-native-vector-icons/Fonts/FontAwesome6_Regular.ttf
2025-02-10 04:44:33 +0000  copying file ./Payload/accounting.app/assets/node_modules/@expo/vector-icons/build/vendor/react-native-vector-icons/Fonts/Entypo.ttf ... 
2025-02-10 04:44:33 +0000  66200 bytes for ./Payload/accounting.app/assets/node_modules/@expo/vector-icons/build/vendor/react-native-vector-icons/Fonts/Entypo.ttf
2025-02-10 04:44:33 +0000  copying file ./Payload/accounting.app/assets/node_modules/@expo/vector-icons/build/vendor/react-native-vector-icons/Fonts/FontAwesome5_Brands.ttf ... 
2025-02-10 04:44:33 +0000  134040 bytes for ./Payload/accounting.app/assets/node_modules/@expo/vector-icons/build/vendor/react-native-vector-icons/Fonts/FontAwesome5_Brands.ttf
2025-02-10 04:44:33 +0000  copying file ./Payload/accounting.app/assets/node_modules/@expo/vector-icons/build/vendor/react-native-vector-icons/Fonts/MaterialCommunityIcons.ttf ... 
2025-02-10 04:44:33 +0000  1147844 bytes for ./Payload/accounting.app/assets/node_modules/@expo/vector-icons/build/vendor/react-native-vector-icons/Fonts/MaterialCommunityIcons.ttf
2025-02-10 04:44:33 +0000  copying file ./Payload/accounting.app/assets/node_modules/@expo/vector-icons/build/vendor/react-native-vector-icons/Fonts/AntDesign.ttf ... 
2025-02-10 04:44:33 +0000  70344 bytes for ./Payload/accounting.app/assets/node_modules/@expo/vector-icons/build/vendor/react-native-vector-icons/Fonts/AntDesign.ttf
2025-02-10 04:44:33 +0000  copying file ./Payload/accounting.app/assets/node_modules/@expo/vector-icons/build/vendor/react-native-vector-icons/Fonts/Foundation.ttf ... 
2025-02-10 04:44:33 +0000  56976 bytes for ./Payload/accounting.app/assets/node_modules/@expo/vector-icons/build/vendor/react-native-vector-icons/Fonts/Foundation.ttf
2025-02-10 04:44:33 +0000  copying file ./Payload/accounting.app/assets/node_modules/@expo/vector-icons/build/vendor/react-native-vector-icons/Fonts/Ionicons.ttf ... 
2025-02-10 04:44:33 +0000  442604 bytes for ./Payload/accounting.app/assets/node_modules/@expo/vector-icons/build/vendor/react-native-vector-icons/Fonts/Ionicons.ttf
2025-02-10 04:44:33 +0000  copying file ./Payload/accounting.app/assets/node_modules/@expo/vector-icons/build/vendor/react-native-vector-icons/Fonts/FontAwesome5_Solid.ttf ... 
2025-02-10 04:44:33 +0000  202744 bytes for ./Payload/accounting.app/assets/node_modules/@expo/vector-icons/build/vendor/react-native-vector-icons/Fonts/FontAwesome5_Solid.ttf
2025-02-10 04:44:33 +0000  copying file ./Payload/accounting.app/assets/node_modules/@expo/vector-icons/build/vendor/react-native-vector-icons/Fonts/FontAwesome5_Regular.ttf ... 
2025-02-10 04:44:33 +0000  33736 bytes for ./Payload/accounting.app/assets/node_modules/@expo/vector-icons/build/vendor/react-native-vector-icons/Fonts/FontAwesome5_Regular.ttf
2025-02-10 04:44:33 +0000  copying file ./Payload/accounting.app/assets/node_modules/@expo/vector-icons/build/vendor/react-native-vector-icons/Fonts/FontAwesome.ttf ... 
2025-02-10 04:44:33 +0000  165548 bytes for ./Payload/accounting.app/assets/node_modules/@expo/vector-icons/build/vendor/react-native-vector-icons/Fonts/FontAwesome.ttf
2025-02-10 04:44:33 +0000  copying file ./Payload/accounting.app/assets/node_modules/@expo/vector-icons/build/vendor/react-native-vector-icons/Fonts/Zocial.ttf ... 
2025-02-10 04:44:33 +0000  25788 bytes for ./Payload/accounting.app/assets/node_modules/@expo/vector-icons/build/vendor/react-native-vector-icons/Fonts/Zocial.ttf
2025-02-10 04:44:33 +0000  copying file ./Payload/accounting.app/assets/node_modules/@expo/vector-icons/build/vendor/react-native-vector-icons/Fonts/EvilIcons.ttf ... 
2025-02-10 04:44:33 +0000  13456 bytes for ./Payload/accounting.app/assets/node_modules/@expo/vector-icons/build/vendor/react-native-vector-icons/Fonts/EvilIcons.ttf
2025-02-10 04:44:33 +0000  copying file ./Payload/accounting.app/assets/node_modules/@expo/vector-icons/build/vendor/react-native-vector-icons/Fonts/FontAwesome6_Solid.ttf ... 
2025-02-10 04:44:33 +0000  423676 bytes for ./Payload/accounting.app/assets/node_modules/@expo/vector-icons/build/vendor/react-native-vector-icons/Fonts/FontAwesome6_Solid.ttf
2025-02-10 04:44:33 +0000  copying file ./Payload/accounting.app/assets/node_modules/@expo/vector-icons/build/vendor/react-native-vector-icons/Fonts/SimpleLineIcons.ttf ... 
2025-02-10 04:44:33 +0000  54056 bytes for ./Payload/accounting.app/assets/node_modules/@expo/vector-icons/build/vendor/react-native-vector-icons/Fonts/SimpleLineIcons.ttf
2025-02-10 04:44:33 +0000  copying file ./Payload/accounting.app/assets/node_modules/@expo/vector-icons/build/vendor/react-native-vector-icons/Fonts/FontAwesome6_Brands.ttf ... 
2025-02-10 04:44:33 +0000  209376 bytes for ./Payload/accounting.app/assets/node_modules/@expo/vector-icons/build/vendor/react-native-vector-icons/Fonts/FontAwesome6_Brands.ttf
2025-02-10 04:44:33 +0000  copying file ./Payload/accounting.app/assets/node_modules/@expo/vector-icons/build/vendor/react-native-vector-icons/Fonts/MaterialIcons.ttf ... 
2025-02-10 04:44:33 +0000  356840 bytes for ./Payload/accounting.app/assets/node_modules/@expo/vector-icons/build/vendor/react-native-vector-icons/Fonts/MaterialIcons.ttf
2025-02-10 04:44:33 +0000  copying file ./Payload/accounting.app/assets/node_modules/expo-router/assets/pkg.png ... 
2025-02-10 04:44:33 +0000  364 bytes for ./Payload/accounting.app/assets/node_modules/expo-router/assets/pkg.png
2025-02-10 04:44:33 +0000  copying file ./Payload/accounting.app/assets/node_modules/expo-router/assets/unmatched.png ... 
2025-02-10 04:44:33 +0000  4752 bytes for ./Payload/accounting.app/assets/node_modules/expo-router/assets/unmatched.png
2025-02-10 04:44:33 +0000  copying file ./Payload/accounting.app/assets/node_modules/expo-router/assets/file.png ... 
2025-02-10 04:44:33 +0000  138 bytes for ./Payload/accounting.app/assets/node_modules/expo-router/assets/file.png
copying file ./Payload/accounting.app/assets/node_modules/expo-router/assets/forward.png ... 
2025-02-10 04:44:33 +0000  188 bytes for ./Payload/accounting.app/assets/node_modules/expo-router/assets/forward.png
copying file ./Payload/accounting.app/assets/node_modules/expo-router/assets/error.png ... 
2025-02-10 04:44:33 +0000  469 bytes for ./Payload/accounting.app/assets/node_modules/expo-router/assets/error.png
2025-02-10 04:44:33 +0000  copying file ./Payload/accounting.app/assets/node_modules/expo-router/assets/sitemap.png ... 
2025-02-10 04:44:33 +0000  465 bytes for ./Payload/accounting.app/assets/node_modules/expo-router/assets/sitemap.png
2025-02-10 04:44:33 +0000  copying file ./Payload/accounting.app/assets/assets/fonts/SpaceMono-Regular.ttf ... 
2025-02-10 04:44:33 +0000  93252 bytes for ./Payload/accounting.app/assets/assets/fonts/SpaceMono-Regular.ttf
2025-02-10 04:44:33 +0000  copying file ./Payload/accounting.app/Info.plist ... 
2025-02-10 04:44:33 +0000  1812 bytes for ./Payload/accounting.app/Info.plist
2025-02-10 04:44:33 +0000  copying file ./Payload/accounting.app/Expo.plist ... 
2025-02-10 04:44:33 +0000  132 bytes for ./Payload/accounting.app/Expo.plist
copying file ./Payload/accounting.app/PkgInfo ... 
2025-02-10 04:44:33 +0000  8 bytes for ./Payload/accounting.app/PkgInfo
2025-02-10 04:44:33 +0000  copying file ./Payload/accounting.app/React-Core_privacy.bundle/PrivacyInfo.xcprivacy ... 
2025-02-10 04:44:33 +0000  768 bytes for ./Payload/accounting.app/React-Core_privacy.bundle/PrivacyInfo.xcprivacy
2025-02-10 04:44:33 +0000  copying file ./Payload/accounting.app/React-Core_privacy.bundle/Info.plist ... 
2025-02-10 04:44:33 +0000  786 bytes for ./Payload/accounting.app/React-Core_privacy.bundle/Info.plist
2025-02-10 04:44:33 +0000  /usr/bin/ditto exited with 0
2025-02-10 04:44:33 +0000  Processing step: IDEDistributionAppStoreInformationStep
2025-02-10 04:44:33 +0000  Skipping step: IDEDistributionAppStoreInformationStep because it said so
2025-02-10 04:44:33 +0000  Processing step: IDEDistributionGenerateProcessedDistributionItems
2025-02-10 04:44:33 +0000  IDEDistributionItem init <DVTFilePath:0x6000122bc850:'/var/folders/7y/7x32_tls79b9wsfbfd9l17r00000gn/T/XcodeDistPipeline.~~~qkejE0/Root/Payload/accounting.app/Frameworks/hermes.framework'>
2025-02-10 04:44:33 +0000  IDEDistributionItem init <DVTFilePath:0x60001aef3360:'/var/folders/7y/7x32_tls79b9wsfbfd9l17r00000gn/T/XcodeDistPipeline.~~~qkejE0/Root/Payload/accounting.app'>
2025-02-10 04:44:33 +0000  Processing step: IDEDistributionCreateManifestStep
